[boorniimichelefry.com/index.html]
[backblue.gif]
[fade.gif]
[index.html]
[boorniimichelefry.com/index-2.html]
[boorniimichelefry.com/img/favicon.png]
[boorniimichelefry.com/css/plugins.css]
[boorniimichelefry.com/css/style.css]
[boorniimichelefry.com/img/bmflogo3.png]
[boorniimichelefry.com/testimonials.html]
[boorniimichelefry.com/img/slider/672.png]
[boorniimichelefry.com/www.boorniimichelefry.com/brokercheck.finra.org/individual_3204074 (1).pdf]
[boorniimichelefry.com/img/skill1.png]
[boorniimichelefry.com/post.html]
[boorniimichelefry.com/img/about3.svg]
[images.pexels.com/photos/6160310/pexels-photo-61603109245.jpg]
[boorniimichelefry.com/post2.html]
[boorniimichelefry.com/img/skill3.png]
[boorniimichelefry.com/post3.html]
[boorniimichelefry.com/img/skill4.png]
[boorniimichelefry.com/post4.html]
[boorniimichelefry.com/img/google-rating.png]
[boorniimichelefry.com/img/quot.png]
[boorniimichelefry.com/img/team/rev1.jpg]
[boorniimichelefry.com/img/google-logo.png]
[boorniimichelefry.com/img/team/2.jpg]
[boorniimichelefry.com/img/team/4.jpg]
[boorniimichelefry.com/img/clients/7.png]
[boorniimichelefry.com/img/clients/8.png]
[boorniimichelefry.com/img/clients/9.png]
[boorniimichelefry.com/img/clients/12.png]
[boorniimichelefry.com/img/clients/13.png]
[boorniimichelefry.com/js/jquery-3.6.3.min.js]
[boorniimichelefry.com/js/jquery-migrate-3.0.0.min.js]
[boorniimichelefry.com/js/modernizr-2.6.2.min.js]
[boorniimichelefry.com/js/imagesloaded.pkgd.min.js]
[boorniimichelefry.com/js/jquery.isotope.v3.0.2.js]
[boorniimichelefry.com/js/popper.min.js]
[boorniimichelefry.com/js/bootstrap.min.js]
[boorniimichelefry.com/js/scrollIt.min.js]
[boorniimichelefry.com/js/jquery.waypoints.min.js]
[boorniimichelefry.com/js/owl.carousel.min.js]
[boorniimichelefry.com/js/jquery.stellar.min.js]
[boorniimichelefry.com/js/jquery.magnific-popup.js]
[boorniimichelefry.com/js/YouTubePopUp.js]
[boorniimichelefry.com/js/before-after.js]
[boorniimichelefry.com/js/custom.js]
[boorniimichelefry.com/js/index.js]
[boorniimichelefry.com/index.html]
[boorniimichelefry.com/index-2.html]
[boorniimichelefry.com/boornii/img/slider/51.html]
[code.iconify.design/iconify-icon/1.0.7/iconify-icon.min.js]
[boorniimichelefry.com/css/plugins/bootstrap.min.css]
[boorniimichelefry.com/css/plugins/owl.carousel.min.css]
[boorniimichelefry.com/css/plugins/owl.theme.default.min.css]
[boorniimichelefry.com/css/plugins/animate.min.css]
[boorniimichelefry.com/css/plugins/themify-icons.css]
[boorniimichelefry.com/css/plugins/magnific-popup.css]
[boorniimichelefry.com/css/plugins/YouTubePopUp.css]
[boorniimichelefry.com/css/plugins/before-after.css]
[boorniimichelefry.com/css/plugins.css]
[boorniimichelefry.com/img/review-bg2.png]
[boorniimichelefry.com/css/style.css]
[www.boorniimichelefry.com/img/slider/2.png]
[boorniimichelefry.com/css/testimonial.css]
[boorniimichelefry.com/css/review.css]
[boorniimichelefry.com/img/banner.jpg]
[boorniimichelefry.com/img/icons/Reviews.svg]
[boorniimichelefry.com/img/icons/Google.svg]
[boorniimichelefry.com/cardonecapital.com/wp-content/plugins/business-reviews-bundle/assets/img/google_avatar.png]
[boorniimichelefry.com/img/team/rev2.jpg]
[boorniimichelefry.com/img/team/rev3.jpg]
[boorniimichelefry.com/img/team/rev6.jpg]
[boorniimichelefry.com/img/team/rev5.jpg]
[boorniimichelefry.com/img/team/rev7.jpg]
[boorniimichelefry.com/img/team/rev8.jpg]
[boorniimichelefry.com/img/team/rev9.jpg]
[boorniimichelefry.com/img/team/rev10.jpg]
[boorniimichelefry.com/testimonials.html]
[boorniimichelefry.com/img/about3.svg]
[boorniimichelefry.com/post.html]
[boorniimichelefry.com/post2.html]
[boorniimichelefry.com/post3.html]
[boorniimichelefry.com/post4.html]
[boorniimichelefry.com/img/patrn1.html]
[boorniimichelefry.com/css/plugins/bootstrap.min.css]
[boorniimichelefry.com/css/plugins/owl.video.play.html]
[boorniimichelefry.com/css/plugins/owl.carousel.min.css]
[boorniimichelefry.com/css/plugins/owl.theme.default.min.css]
[boorniimichelefry.com/css/plugins/animate.min.css]
[boorniimichelefry.com/fonts/themify.eot]
[boorniimichelefry.com/fonts/themifyd41dd41d.eot]
[boorniimichelefry.com/fonts/themify.woff]
[boorniimichelefry.com/fonts/themify.ttf]
[boorniimichelefry.com/css/plugins/themify-icons.css]
[boorniimichelefry.com/css/plugins/magnific-popup.css]
[boorniimichelefry.com/css/plugins/close.png]
[boorniimichelefry.com/fonts/themify.svg]
[boorniimichelefry.com/css/plugins/YouTubePopUp.css]
[boorniimichelefry.com/css/plugins/before-after.css]
[boorniimichelefry.com/img/slider/2.html]
[boorniimichelefry.com/css/testimonial.css]
[boorniimichelefry.com/css/review.css]
[boorniimichelefry.com/img/icons/Reviews.svg]
[boorniimichelefry.com/img/icons/Google.svg]
[boorniimichelefry.com/css/plugins/owl.video.play.html]
[boorniimichelefry.com/fonts/themify.svg]
